14:46:55 INFO  : Registering command handlers for SDK TCF services
14:46:57 INFO  : Launching XSCT server: xsct.bat -interactive C:\VivadoWorkspace\RoboticHand_OS\temp_xsdb_launch_script.tcl
14:47:03 INFO  : XSCT server has started successfully.
14:47:07 INFO  : Successfully done setting XSCT server connection channel  
14:47:07 INFO  : Successfully done setting SDK workspace  
14:48:31 INFO  : Project 'RoboticHand_platform' created. You can now create BSPs and application projects targeting this hardware platform.
14:50:46 INFO  : Connected to target on host '127.0.0.1' and port '3121'.
14:50:48 INFO  : 'targets -set -filter {jtag_cable_name =~ "Digilent Arty Z7 003017A5C4A6A" && level==0} -index 1' command is executed.
14:50:49 INFO  : FPGA configured successfully with bitstream "C:/VivadoWorkspace/RoboticHand_OS/RoboticHand_platform/design_1_wrapper.bit"
14:52:52 ERROR : (XSDB Server)ERROR: [Hsi 55-1514] No core is assigned to Driver of MotorDriver_0

14:52:52 ERROR : (XSDB Server)ERROR: [Hsi 55-1514] No core is assigned to Driver of MotorDriver_0

14:52:52 ERROR : (XSDB Server)ERROR: [Hsi 55-1514] No core is assigned to Driver of MotorDriver_0

14:53:23 ERROR : (XSDB Server)ERROR: [Hsi 55-1514] No core is assigned to Driver of MotorDriver_0

14:53:26 ERROR : (XSDB Server)ERROR: [Hsi 55-1514] No core is assigned to Driver of MotorDriver_0

14:53:26 ERROR : (XSDB Server)ERROR: [Hsi 55-1514] No core is assigned to Driver of MotorDriver_0

14:54:22 ERROR : (XSDB Server)ERROR: [Hsi 55-1514] No core is assigned to Driver of MotorDriver_0

14:54:22 ERROR : (XSDB Server)ERROR: [Hsi 55-1514] No core is assigned to Driver of MotorDriver_0

14:54:22 ERROR : (XSDB Server)ERROR: [Hsi 55-1514] No core is assigned to Driver of MotorDriver_0

14:54:22 ERROR : (XSDB Server)ERROR: [Hsi 55-1514] No core is assigned to Driver of MotorDriver_0

14:54:22 ERROR : (XSDB Server)ERROR: [Hsi 55-1514] No core is assigned to Driver of MotorDriver_0

14:54:22 ERROR : (XSDB Server)ERROR: [Hsi 55-1514] No core is assigned to Driver of MotorDriver_0

14:54:22 ERROR : (XSDB Server)ERROR: [Hsi 55-1514] No core is assigned to Driver of MotorDriver_0

14:54:22 ERROR : (XSDB Server)ERROR: [Hsi 55-1514] No core is assigned to Driver of MotorDriver_0

14:54:22 ERROR : (XSDB Server)ERROR: [Hsi 55-1514] No core is assigned to Driver of MotorDriver_0

14:54:22 ERROR : (XSDB Server)ERROR: [Hsi 55-1514] No core is assigned to Driver of MotorDriver_0

14:54:22 ERROR : (XSDB Server)ERROR: [Hsi 55-1514] No core is assigned to Driver of MotorDriver_0

14:54:22 ERROR : (XSDB Server)ERROR: [Hsi 55-1514] No core is assigned to Driver of MotorDriver_0

14:54:23 ERROR : (XSDB Server)ERROR: [Hsi 55-1514] No core is assigned to Driver of MotorDriver_0

14:54:23 ERROR : (XSDB Server)ERROR: [Hsi 55-1514] No core is assigned to Driver of MotorDriver_0

14:54:23 ERROR : (XSDB Server)ERROR: [Hsi 55-1514] No core is assigned to Driver of MotorDriver_0

14:54:23 ERROR : (XSDB Server)ERROR: [Hsi 55-1514] No core is assigned to Driver of MotorDriver_0

14:54:23 ERROR : (XSDB Server)ERROR: [Hsi 55-1514] No core is assigned to Driver of MotorDriver_0

14:54:23 ERROR : (XSDB Server)ERROR: [Hsi 55-1514] No core is assigned to Driver of MotorDriver_0

14:54:23 ERROR : (XSDB Server)ERROR: [Hsi 55-1514] No core is assigned to Driver of MotorDriver_0

14:54:23 ERROR : (XSDB Server)ERROR: [Hsi 55-1514] No core is assigned to Driver of MotorDriver_0

14:54:23 ERROR : (XSDB Server)ERROR: [Hsi 55-1514] No core is assigned to Driver of MotorDriver_0

14:54:23 ERROR : (XSDB Server)ERROR: [Hsi 55-1514] No core is assigned to Driver of MotorDriver_0

14:54:23 ERROR : (XSDB Server)ERROR: [Hsi 55-1514] No core is assigned to Driver of MotorDriver_0

14:54:23 ERROR : (XSDB Server)ERROR: [Hsi 55-1514] No core is assigned to Driver of MotorDriver_0

14:54:23 ERROR : (XSDB Server)ERROR: [Hsi 55-1514] No core is assigned to Driver of MotorDriver_0

14:54:23 ERROR : (XSDB Server)ERROR: [Hsi 55-1514] No core is assigned to Driver of MotorDriver_0

14:54:23 ERROR : (XSDB Server)ERROR: [Hsi 55-1514] No core is assigned to Driver of MotorDriver_0

14:54:23 ERROR : (XSDB Server)ERROR: [Hsi 55-1514] No core is assigned to Driver of MotorDriver_0

14:54:23 ERROR : (XSDB Server)ERROR: [Hsi 55-1514] No core is assigned to Driver of MotorDriver_0

14:54:23 ERROR : (XSDB Server)ERROR: [Hsi 55-1514] No core is assigned to Driver of MotorDriver_0

14:54:23 ERROR : (XSDB Server)ERROR: [Hsi 55-1514] No core is assigned to Driver of MotorDriver_0

14:54:23 ERROR : (XSDB Server)ERROR: [Hsi 55-1514] No core is assigned to Driver of MotorDriver_0

14:54:23 ERROR : (XSDB Server)ERROR: [Hsi 55-1514] No core is assigned to Driver of MotorDriver_0

14:54:23 ERROR : (XSDB Server)ERROR: [Hsi 55-1514] No core is assigned to Driver of MotorDriver_0

14:54:23 ERROR : (XSDB Server)ERROR: [Hsi 55-1514] No core is assigned to Driver of MotorDriver_0

14:54:23 ERROR : (XSDB Server)ERROR: [Hsi 55-1514] No core is assigned to Driver of MotorDriver_0

14:54:23 ERROR : (XSDB Server)ERROR: [Hsi 55-1514] No core is assigned to Driver of MotorDriver_0

14:54:23 ERROR : (XSDB Server)ERROR: [Hsi 55-1514] No core is assigned to Driver of MotorDriver_0

14:54:34 INFO  : No changes in MSS file content so not generating sources.
14:54:44 ERROR : (XSDB Server)ERROR: [Hsi 55-1514] No core is assigned to Driver of MotorDriver_0

14:54:44 ERROR : (XSDB Server)ERROR: [Hsi 55-1514] No core is assigned to Driver of MotorDriver_0

14:54:45 ERROR : (XSDB Server)ERROR: [Hsi 55-1514] No core is assigned to Driver of MotorDriver_0

14:59:32 INFO  : 'targets -set -filter {jtag_cable_name =~ "Digilent Arty Z7 003017A5C4A6A" && level==0} -index 1' command is executed.
14:59:32 INFO  : 'fpga -state' command is executed.
14:59:32 INFO  : Connected to target on host '127.0.0.1' and port '3121'.
14:59:33 INFO  : Jtag cable 'Digilent Arty Z7 003017A5C4A6A' is selected.
14:59:33 INFO  : 'jtag frequency' command is executed.
14:59:33 INFO  : Sourcing of 'C:/VivadoWorkspace/RoboticHand_OS/RoboticHand_platform/ps7_init.tcl' is done.
14:59:33 INFO  : Context for 'APU' is selected.
14:59:33 INFO  : Hardware design information is loaded from 'C:/VivadoWorkspace/RoboticHand_OS/RoboticHand_platform/system.hdf'.
14:59:33 INFO  : 'configparams force-mem-access 1' command is executed.
14:59:33 INFO  : Context for 'APU' is selected.
14:59:33 INFO  : 'stop' command is executed.
14:59:33 INFO  : 'ps7_init' command is executed.
14:59:33 INFO  : 'ps7_post_config' command is executed.
14:59:33 INFO  : Context for processor 'ps7_cortexa9_0' is selected.
14:59:33 INFO  : Processor reset is completed for 'ps7_cortexa9_0'.
14:59:33 INFO  : Context for processor 'ps7_cortexa9_0' is selected.
14:59:34 INFO  : The application 'C:/VivadoWorkspace/RoboticHand_OS/RoboticHand_test/Debug/RoboticHand_test.elf' is downloaded to processor 'ps7_cortexa9_0'.
14:59:34 INFO  : 'configparams force-mem-access 0' command is executed.
14:59:34 INFO  : ----------------XSDB Script----------------
connect -url tcp:127.0.0.1:3121
source C:/VivadoWorkspace/RoboticHand_OS/RoboticHand_platform/ps7_init.tcl
targets -set -nocase -filter {name =~"APU*" && jtag_cable_name =~ "Digilent Arty Z7 003017A5C4A6A"} -index 0
loadhw -hw C:/VivadoWorkspace/RoboticHand_OS/RoboticHand_platform/system.hdf -mem-ranges [list {0x40000000 0xbfffffff}]
configparams force-mem-access 1
targets -set -nocase -filter {name =~"APU*" && jtag_cable_name =~ "Digilent Arty Z7 003017A5C4A6A"} -index 0
stop
ps7_init
ps7_post_config
targets -set -nocase -filter {name =~ "ARM*#0" && jtag_cable_name =~ "Digilent Arty Z7 003017A5C4A6A"} -index 0
rst -processor
targets -set -nocase -filter {name =~ "ARM*#0" && jtag_cable_name =~ "Digilent Arty Z7 003017A5C4A6A"} -index 0
dow C:/VivadoWorkspace/RoboticHand_OS/RoboticHand_test/Debug/RoboticHand_test.elf
configparams force-mem-access 0
----------------End of Script----------------

14:59:34 INFO  : Memory regions updated for context APU
14:59:34 INFO  : Context for processor 'ps7_cortexa9_0' is selected.
14:59:34 INFO  : 'con' command is executed.
14:59:34 INFO  : ----------------XSDB Script (After Launch)----------------
targets -set -nocase -filter {name =~ "ARM*#0" && jtag_cable_name =~ "Digilent Arty Z7 003017A5C4A6A"} -index 0
con
----------------End of Script----------------

14:59:34 INFO  : Launch script is exported to file 'C:\VivadoWorkspace\RoboticHand_OS\.sdk\launch_scripts\xilinx_c-c++_application_(system_debugger)\system_debugger_using_debug_robotichand_test.elf_on_local.tcl'
15:02:03 INFO  : Disconnected from the channel tcfchan#1.
15:02:04 INFO  : 'targets -set -filter {jtag_cable_name =~ "Digilent Arty Z7 003017A5C4A6A" && level==0} -index 1' command is executed.
15:02:04 INFO  : 'fpga -state' command is executed.
15:02:04 INFO  : Connected to target on host '127.0.0.1' and port '3121'.
15:02:04 INFO  : Jtag cable 'Digilent Arty Z7 003017A5C4A6A' is selected.
15:02:04 INFO  : 'jtag frequency' command is executed.
15:02:04 INFO  : Sourcing of 'C:/VivadoWorkspace/RoboticHand_OS/RoboticHand_platform/ps7_init.tcl' is done.
15:02:05 INFO  : Context for 'APU' is selected.
15:02:07 INFO  : Hardware design information is loaded from 'C:/VivadoWorkspace/RoboticHand_OS/RoboticHand_platform/system.hdf'.
15:02:07 INFO  : 'configparams force-mem-access 1' command is executed.
15:02:07 INFO  : Context for 'APU' is selected.
15:02:07 INFO  : 'stop' command is executed.
15:02:07 INFO  : 'ps7_init' command is executed.
15:02:07 INFO  : 'ps7_post_config' command is executed.
15:02:08 INFO  : Context for processor 'ps7_cortexa9_0' is selected.
15:02:08 INFO  : Processor reset is completed for 'ps7_cortexa9_0'.
15:02:08 INFO  : Context for processor 'ps7_cortexa9_0' is selected.
15:02:08 INFO  : The application 'C:/VivadoWorkspace/RoboticHand_OS/RoboticHand_test/Debug/RoboticHand_test.elf' is downloaded to processor 'ps7_cortexa9_0'.
15:02:08 INFO  : 'configparams force-mem-access 0' command is executed.
15:02:08 INFO  : ----------------XSDB Script----------------
connect -url tcp:127.0.0.1:3121
source C:/VivadoWorkspace/RoboticHand_OS/RoboticHand_platform/ps7_init.tcl
targets -set -nocase -filter {name =~"APU*" && jtag_cable_name =~ "Digilent Arty Z7 003017A5C4A6A"} -index 0
loadhw -hw C:/VivadoWorkspace/RoboticHand_OS/RoboticHand_platform/system.hdf -mem-ranges [list {0x40000000 0xbfffffff}]
configparams force-mem-access 1
targets -set -nocase -filter {name =~"APU*" && jtag_cable_name =~ "Digilent Arty Z7 003017A5C4A6A"} -index 0
stop
ps7_init
ps7_post_config
targets -set -nocase -filter {name =~ "ARM*#0" && jtag_cable_name =~ "Digilent Arty Z7 003017A5C4A6A"} -index 0
rst -processor
targets -set -nocase -filter {name =~ "ARM*#0" && jtag_cable_name =~ "Digilent Arty Z7 003017A5C4A6A"} -index 0
dow C:/VivadoWorkspace/RoboticHand_OS/RoboticHand_test/Debug/RoboticHand_test.elf
configparams force-mem-access 0
----------------End of Script----------------

15:02:08 INFO  : Memory regions updated for context APU
15:02:08 INFO  : Context for processor 'ps7_cortexa9_0' is selected.
15:02:08 INFO  : 'con' command is executed.
15:02:08 INFO  : ----------------XSDB Script (After Launch)----------------
targets -set -nocase -filter {name =~ "ARM*#0" && jtag_cable_name =~ "Digilent Arty Z7 003017A5C4A6A"} -index 0
con
----------------End of Script----------------

15:02:08 INFO  : Launch script is exported to file 'C:\VivadoWorkspace\RoboticHand_OS\.sdk\launch_scripts\xilinx_c-c++_application_(system_debugger)\system_debugger_using_debug_robotichand_test.elf_on_local.tcl'
